#
# There is insufficient memory for the Java Runtime Environment to continue.
# Native memory allocation (malloc) failed to allocate 981776 bytes for Chunk::new
# Possible reasons:
#   The system is out of physical RAM or swap space
#   The process is running with CompressedOops enabled, and the Java Heap may be blocking the growth of the native heap
# Possible solutions:
#   Reduce memory load on the system
#   Increase physical memory or swap space
#   Check if swap backing store is full
#   Decrease Java heap size (-Xmx/-Xms)
#   Decrease number of Java threads
#   Decrease Java thread stack sizes (-Xss)
#   Set larger code cache with -XX:ReservedCodeCacheSize=
#   JVM is running with Unscaled Compressed Oops mode in which the Java heap is
#     placed in the first 4GB address space. The Java Heap base address is the
#     maximum limit for the native heap growth. Please use -XX:HeapBaseMinAddress
#     to set the Java Heap base and to place the Java Heap above 4GB virtual address.
# This output file may be truncated or incomplete.
#
#  Out of Memory Error (arena.cpp:195), pid=17656, tid=31052
#
# JRE version: Java(TM) SE Runtime Environment (16.0.2+7) (build 16.0.2+7-67)
# Java VM: Java HotSpot(TM) 64-Bit Server VM (16.0.2+7-67, mixed mode, sharing, tiered, compressed oops, compressed class ptrs, g1 gc, windows-amd64)
# No core dump will be written. Minidumps are not enabled by default on client versions of Windows
#

---------------  S U M M A R Y ------------

Command Line: -XX:MaxMetaspaceSize=512m --add-opens=java.base/java.util=ALL-UNNAMED --add-opens=java.base/java.lang=ALL-UNNAMED --add-opens=java.base/java.lang.invoke=ALL-UNNAMED --add-opens=java.base/java.util=ALL-UNNAMED --add-opens=java.prefs/java.util.prefs=ALL-UNNAMED --add-opens=java.prefs/java.util.prefs=ALL-UNNAMED --add-opens=java.base/java.nio.charset=ALL-UNNAMED --add-opens=java.base/java.net=ALL-UNNAMED --add-opens=java.base/java.util.concurrent.atomic=ALL-UNNAMED -Xmx2048m -Dfile.encoding=windows-1252 -Duser.country=IN -Duser.language=en -Duser.variant org.gradle.launcher.daemon.bootstrap.GradleDaemon 7.5.1

Host: Intel(R) Core(TM) i5-9300H CPU @ 2.40GHz, 8 cores, 7G,  Windows 10 , 64 bit Build 22621 (10.0.22621.1778)
Time: Mon Jun 26 15:47:26 2023 India Standard Time elapsed time: 5.470548 seconds (0d 0h 0m 5s)

---------------  T H R E A D  ---------------

Current thread (0x00000210ca9e82e0):  JavaThread "C2 CompilerThread1" daemon [_thread_in_native, id=31052, stack(0x000000d44b400000,0x000000d44b500000)]


Current CompileTask:
C2:   5470 3618       4       java.lang.invoke.MethodType::makeImpl (108 bytes)

Stack: [0x000000d44b400000,0x000000d44b500000]
Native frames: (J=compiled Java code, j=interpreted, Vv=VM code, C=native code)
V  [jvm.dll+0x6681ca]
V  [jvm.dll+0x7c9e69]
V  [jvm.dll+0x7cb61e]
V  [jvm.dll+0x7cbc73]
V  [jvm.dll+0x242c55]
V  [jvm.dll+0xadeba]
V  [jvm.dll+0xae45c]
V  [jvm.dll+0x2a4cdf]
V  [jvm.dll+0x573c29]
V  [jvm.dll+0x21e905]
V  [jvm.dll+0x217c01]
V  [jvm.dll+0x214ffc]
V  [jvm.dll+0x1a1beb]
V  [jvm.dll+0x225158]
V  [jvm.dll+0x22319c]
V  [jvm.dll+0x77fa62]
V  [jvm.dll+0x7795aa]
V  [jvm.dll+0x667066]
C  [ucrtbase.dll+0x29363]
C  [KERNEL32.DLL+0x126ad]
C  [ntdll.dll+0x5a9f8]


---------------  P R O C E S S  ---------------

Threads class SMR info:
_java_thread_list=0x00000210cb27d080, length=38, elements={
0x00000210a8e98cb0, 0x00000210c6f2d8d0, 0x00000210c6f2eae0, 0x00000210c6f43120,
0x00000210c6f45e50, 0x00000210c6f46760, 0x00000210c6f47070, 0x00000210c6f47cb0,
0x00000210c6f49220, 0x00000210c6f49b70, 0x00000210c79da8c0, 0x00000210c79dfe20,
0x00000210c8d19870, 0x00000210c91d3ac0, 0x00000210c8e7cc10, 0x00000210c8defd20,
0x00000210c8aaa860, 0x00000210c8b0de40, 0x00000210c8b0e760, 0x00000210c8ff40e0,
0x00000210c8ff5620, 0x00000210c8ff3b90, 0x00000210c8ff3640, 0x00000210c8ff6610,
0x00000210c8ff30f0, 0x00000210c8ff4630, 0x00000210c8ff4b80, 0x00000210c8ff50d0,
0x00000210c8ff5b70, 0x00000210c8ff60c0, 0x00000210ca86a520, 0x00000210ca86da40,
0x00000210ca86aa70, 0x00000210ca86ea30, 0x00000210ca9e82e0, 0x00000210ca86df90,
0x00000210ca86ef80, 0x00000210ca8704c0
}

Java Threads: ( => current thread )
  0x00000210a8e98cb0 JavaThread "main" [_thread_blocked, id=30172, stack(0x000000d448300000,0x000000d448400000)]
  0x00000210c6f2d8d0 JavaThread "Reference Handler" daemon [_thread_blocked, id=1292, stack(0x000000d448a00000,0x000000d448b00000)]
  0x00000210c6f2eae0 JavaThread "Finalizer" daemon [_thread_blocked, id=31264, stack(0x000000d448b00000,0x000000d448c00000)]
  0x00000210c6f43120 JavaThread "Signal Dispatcher" daemon [_thread_blocked, id=30620, stack(0x000000d448c00000,0x000000d448d00000)]
  0x00000210c6f45e50 JavaThread "Attach Listener" daemon [_thread_blocked, id=16984, stack(0x000000d448d00000,0x000000d448e00000)]
  0x00000210c6f46760 JavaThread "Service Thread" daemon [_thread_blocked, id=29244, stack(0x000000d448e00000,0x000000d448f00000)]
  0x00000210c6f47070 JavaThread "Monitor Deflation Thread" daemon [_thread_blocked, id=26748, stack(0x000000d448f00000,0x000000d449000000)]
  0x00000210c6f47cb0 JavaThread "C2 CompilerThread0" daemon [_thread_blocked, id=24672, stack(0x000000d449000000,0x000000d449100000)]
  0x00000210c6f49220 JavaThread "C1 CompilerThread0" daemon [_thread_blocked, id=31528, stack(0x000000d449100000,0x000000d449200000)]
  0x00000210c6f49b70 JavaThread "Sweeper thread" daemon [_thread_blocked, id=23560, stack(0x000000d449200000,0x000000d449300000)]
  0x00000210c79da8c0 JavaThread "Common-Cleaner" daemon [_thread_blocked, id=31640, stack(0x000000d449300000,0x000000d449400000)]
  0x00000210c79dfe20 JavaThread "Notification Thread" daemon [_thread_blocked, id=31656, stack(0x000000d449400000,0x000000d449500000)]
  0x00000210c8d19870 JavaThread "Daemon health stats" [_thread_blocked, id=24748, stack(0x000000d449600000,0x000000d449700000)]
  0x00000210c91d3ac0 JavaThread "Incoming local TCP Connector on port 60139" [_thread_in_native, id=22720, stack(0x000000d449c00000,0x000000d449d00000)]
  0x00000210c8e7cc10 JavaThread "Daemon periodic checks" [_thread_blocked, id=22188, stack(0x000000d449d00000,0x000000d449e00000)]
  0x00000210c8defd20 JavaThread "Daemon" [_thread_blocked, id=23268, stack(0x000000d449e00000,0x000000d449f00000)]
  0x00000210c8aaa860 JavaThread "Handler for socket connection from /127.0.0.1:60139 to /127.0.0.1:60140" [_thread_in_native, id=29816, stack(0x000000d449f00000,0x000000d44a000000)]
  0x00000210c8b0de40 JavaThread "Cancel handler" [_thread_blocked, id=9468, stack(0x000000d44a000000,0x000000d44a100000)]
  0x00000210c8b0e760 JavaThread "Daemon worker" [_thread_blocked, id=14344, stack(0x000000d44a100000,0x000000d44a200000)]
  0x00000210c8ff40e0 JavaThread "Asynchronous log dispatcher for DefaultDaemonConnection: socket connection from /127.0.0.1:60139 to /127.0.0.1:60140" [_thread_blocked, id=31184, stack(0x000000d44a200000,0x000000d44a300000)]
  0x00000210c8ff5620 JavaThread "Stdin handler" [_thread_blocked, id=2556, stack(0x000000d44a300000,0x000000d44a400000)]
  0x00000210c8ff3b90 JavaThread "Daemon client event forwarder" [_thread_blocked, id=16196, stack(0x000000d44a400000,0x000000d44a500000)]
  0x00000210c8ff3640 JavaThread "Cache worker for journal cache (C:\Users\91985\.gradle\caches\journal-1)" [_thread_blocked, id=13548, stack(0x000000d44a500000,0x000000d44a600000)]
  0x00000210c8ff6610 JavaThread "File lock request listener" [_thread_in_native, id=13984, stack(0x000000d44a600000,0x000000d44a700000)]
  0x00000210c8ff30f0 JavaThread "Cache worker for file hash cache (C:\Users\91985\.gradle\caches\7.5.1\fileHashes)" [_thread_in_native, id=7736, stack(0x000000d44a700000,0x000000d44a800000)]
  0x00000210c8ff4630 JavaThread "File watcher server" daemon [_thread_in_native, id=4728, stack(0x000000d44aa00000,0x000000d44ab00000)]
  0x00000210c8ff4b80 JavaThread "File watcher consumer" daemon [_thread_blocked, id=20356, stack(0x000000d44ab00000,0x000000d44ac00000)]
  0x00000210c8ff50d0 JavaThread "Cache worker for checksums cache (C:\Users\91985\Desktop\react-pro\After Project\Tasks\t2FirebaseAuthFirst\android\.gradle\7.5.1\checksums)" [_thread_blocked, id=4200, stack(0x000000d44ac00000,0x000000d44ad00000)]
  0x00000210c8ff5b70 JavaThread "Cache worker for cache directory md-rule (C:\Users\91985\.gradle\caches\7.5.1\md-rule)" [_thread_blocked, id=1284, stack(0x000000d44ad00000,0x000000d44ae00000)]
  0x00000210c8ff60c0 JavaThread "Cache worker for file content cache (C:\Users\91985\.gradle\caches\7.5.1\fileContent)" [_thread_blocked, id=12752, stack(0x000000d44ae00000,0x000000d44af00000)]
  0x00000210ca86a520 JavaThread "File lock release action executor" [_thread_blocked, id=31040, stack(0x000000d44af00000,0x000000d44b000000)]
  0x00000210ca86da40 JavaThread "Cache worker for file hash cache (C:\Users\91985\Desktop\react-pro\After Project\Tasks\t2FirebaseAuthFirst\android\.gradle\7.5.1\fileHashes)" [_thread_blocked, id=20792, stack(0x000000d44b000000,0x000000d44b100000)]
  0x00000210ca86aa70 JavaThread "Cache worker for cache directory md-supplier (C:\Users\91985\.gradle\caches\7.5.1\md-supplier)" [_thread_blocked, id=22888, stack(0x000000d44b100000,0x000000d44b200000)]
  0x00000210ca86ea30 JavaThread "Cache worker for execution history cache (C:\Users\91985\.gradle\caches\7.5.1\executionHistory)" [_thread_blocked, id=2480, stack(0x000000d44b300000,0x000000d44b400000)]
=>0x00000210ca9e82e0 JavaThread "C2 CompilerThread1" daemon [_thread_in_native, id=31052, stack(0x000000d44b400000,0x000000d44b500000)]
  0x00000210ca86df90 JavaThread "jar transforms" [_thread_blocked, id=20696, stack(0x000000d44b500000,0x000000d44b600000)]
  0x00000210ca86ef80 JavaThread "jar transforms Thread 2" [_thread_blocked, id=15052, stack(0x000000d44b600000,0x000000d44b700000)]
  0x00000210ca8704c0 JavaThread "jar transforms Thread 3" [_thread_blocked, id=29908, stack(0x000000d44b700000,0x000000d44b800000)]

Other Threads:
  0x00000210c6f2aa30 VMThread "VM Thread" [stack: 0x000000d448900000,0x000000d448a00000] [id=23192]
  0x00000210c79e3b70 WatcherThread [stack: 0x000000d449500000,0x000000d449600000] [id=19860]
  0x00000210a8ed9630 GCTaskThread "GC Thread#0" [stack: 0x000000d448400000,0x000000d448500000] [id=31312]
  0x00000210c81f2920 GCTaskThread "GC Thread#1" [stack: 0x000000d449700000,0x000000d449800000] [id=29860]
  0x00000210c872e050 GCTaskThread "GC Thread#2" [stack: 0x000000d449800000,0x000000d449900000] [id=23064]
  0x00000210c7be3760 GCTaskThread "GC Thread#3" [stack: 0x000000d449900000,0x000000d449a00000] [id=14356]
  0x00000210c8773ff0 GCTaskThread "GC Thread#4" [stack: 0x000000d449a00000,0x000000d449b00000] [id=15392]
  0x00000210c8774300 GCTaskThread "GC Thread#5" [stack: 0x000000d449b00000,0x000000d449c00000] [id=31608]
  0x00000210c93960a0 GCTaskThread "GC Thread#6" [stack: 0x000000d44a800000,0x000000d44a900000] [id=2584]
  0x00000210c9395150 GCTaskThread "GC Thread#7" [stack: 0x000000d44a900000,0x000000d44aa00000] [id=7632]
  0x00000210a8eea670 ConcurrentGCThread "G1 Main Marker" [stack: 0x000000d448500000,0x000000d448600000] [id=29948]
  0x00000210a8eeb240 ConcurrentGCThread "G1 Conc#0" [stack: 0x000000d448600000,0x000000d448700000] [id=23572]
  0x00000210c9395460 ConcurrentGCThread "G1 Conc#1" [stack: 0x000000d44b200000,0x000000d44b300000] [id=5296]
  0x00000210a8f4d520 ConcurrentGCThread "G1 Refine#0" [stack: 0x000000d448700000,0x000000d448800000] [id=19520]
  0x00000210a8f4dea0 ConcurrentGCThread "G1 Service" [stack: 0x000000d448800000,0x000000d448900000] [id=24088]

Threads with active compile tasks:
C2 CompilerThread0     5501 3690       4       java.nio.HeapByteBuffer::byteOffset (7 bytes)
C1 CompilerThread0     5501 3691       3       org.gradle.internal.hash.Hashing$MessageDigestHasher::putInt (15 bytes)
C2 CompilerThread1     5501 3618       4       java.lang.invoke.MethodType::makeImpl (108 bytes)

VM state: not at safepoint (normal execution)

VM Mutex/Monitor currently owned by a thread: None

Heap address: 0x0000000080000000, size: 2048 MB, Compressed Oops mode: 32-bit

CDS archive(s) mapped at: [0x0000000800000000-0x0000000800bb0000-0x0000000800bb0000), size 12255232, SharedBaseAddress: 0x0000000800000000, ArchiveRelocationMode: 0.
Compressed class space mapped at: 0x0000000800c00000-0x000000081a800000, reserved size: 432013312
Narrow klass base: 0x0000000800000000, Narrow klass shift: 3, Narrow klass range: 0x100000000

GC Precious Log:
 CPUs: 8 total, 8 available
 Memory: 8029M
 Large Page Support: Disabled
 NUMA Support: Disabled
 Compressed Oops: Enabled (32-bit)
 Heap Region Size: 1M
 Heap Min Capacity: 8M
 Heap Initial Capacity: 126M
 Heap Max Capacity: 2G
 Pre-touch: Disabled
 Parallel Workers: 8
 Concurrent Workers: 2
 Concurrent Refinement Workers: 8
 Periodic GC: Disabled

Heap:
 garbage-first heap   total 78848K, used 53763K [0x0000000080000000, 0x0000000100000000)
  region size 1024K, 32 young (32768K), 6 survivors (6144K)
 Metaspace       used 31180K, committed 31552K, reserved 454656K
  class space    used 4241K, committed 4416K, reserved 421888K

Heap Regions: E=young(eden), S=young(survivor), O=old, HS=humongous(starts), HC=humongous(continues), CS=collection set, F=free, OA=open archive, CA=closed archive, TAMS=top-at-mark-start (previous, next)
|   0|0x0000000080000000, 0x0000000080100000, 0x0000000080100000|100%| O|  |TAMS 0x0000000080100000, 0x0000000080000000| Untracked 
|   1|0x0000000080100000, 0x0000000080200000, 0x0000000080200000|100%| O|  |TAMS 0x0000000080200000, 0x0000000080100000| Untracked 
|   2|0x0000000080200000, 0x0000000080300000, 0x0000000080300000|100%| O|  |TAMS 0x0000000080270400, 0x0000000080200000| Untracked 
|   3|0x0000000080300000, 0x0000000080400000, 0x0000000080400000|100%|HS|  |TAMS 0x0000000080400000, 0x0000000080300000| Complete 
|   4|0x0000000080400000, 0x0000000080500000, 0x0000000080500000|100%|HC|  |TAMS 0x0000000080500000, 0x0000000080400000| Complete 
|   5|0x0000000080500000, 0x0000000080600000, 0x0000000080600000|100%|HC|  |TAMS 0x0000000080600000, 0x0000000080500000| Complete 
|   6|0x0000000080600000, 0x0000000080700000, 0x0000000080700000|100%| O|  |TAMS 0x0000000080700000, 0x0000000080600000| Untracked 
|   7|0x0000000080700000, 0x0000000080800000, 0x0000000080800000|100%| O|  |TAMS 0x0000000080800000, 0x0000000080700000| Untracked 
|   8|0x0000000080800000, 0x0000000080900000, 0x0000000080900000|100%| O|  |TAMS 0x0000000080900000, 0x0000000080800000| Untracked 
|   9|0x0000000080900000, 0x0000000080a00000, 0x0000000080a00000|100%| O|  |TAMS 0x0000000080a00000, 0x0000000080900000| Untracked 
|  10|0x0000000080a00000, 0x0000000080b00000, 0x0000000080b00000|100%| O|  |TAMS 0x0000000080a00000, 0x0000000080a00000| Untracked 
|  11|0x0000000080b00000, 0x0000000080c00000, 0x0000000080c00000|100%| O|  |TAMS 0x0000000080b00000, 0x0000000080b00000| Untracked 
|  12|0x0000000080c00000, 0x0000000080d00000, 0x0000000080d00000|100%| O|  |TAMS 0x0000000080c00000, 0x0000000080c00000| Untracked 
|  13|0x0000000080d00000, 0x0000000080e00000, 0x0000000080e00000|100%| O|  |TAMS 0x0000000080d00000, 0x0000000080d00000| Untracked 
|  14|0x0000000080e00000, 0x0000000080f00000, 0x0000000080f00000|100%| O|  |TAMS 0x0000000080e00000, 0x0000000080e00000| Untracked 
|  15|0x0000000080f00000, 0x0000000081000000, 0x0000000081000000|100%| O|  |TAMS 0x0000000080f00000, 0x0000000080f00000| Untracked 
|  16|0x0000000081000000, 0x0000000081100000, 0x0000000081100000|100%| O|  |TAMS 0x0000000081000000, 0x0000000081000000| Untracked 
|  17|0x0000000081100000, 0x0000000081200000, 0x0000000081200000|100%| O|  |TAMS 0x0000000081100000, 0x0000000081100000| Untracked 
|  18|0x0000000081200000, 0x0000000081293a00, 0x0000000081300000| 57%| O|  |TAMS 0x0000000081200000, 0x0000000081200000| Untracked 
|  19|0x0000000081300000, 0x00000000813ed400, 0x0000000081400000| 92%| O|  |TAMS 0x0000000081300000, 0x0000000081300000| Untracked 
|  20|0x0000000081400000, 0x0000000081500000, 0x0000000081500000|100%|HS|  |TAMS 0x0000000081400000, 0x0000000081400000| Complete 
|  21|0x0000000081500000, 0x0000000081600000, 0x0000000081600000|100%|HS|  |TAMS 0x0000000081500000, 0x0000000081500000| Complete 
|  22|0x0000000081600000, 0x0000000081700000, 0x0000000081700000|100%|HC|  |TAMS 0x0000000081600000, 0x0000000081600000| Complete 
|  23|0x0000000081700000, 0x0000000081700000, 0x0000000081800000|  0%| F|  |TAMS 0x0000000081700000, 0x0000000081700000| Untracked 
|  24|0x0000000081800000, 0x0000000081800000, 0x0000000081900000|  0%| F|  |TAMS 0x0000000081800000, 0x0000000081800000| Untracked 
|  25|0x0000000081900000, 0x0000000081a00000, 0x0000000081a00000|100%| S|CS|TAMS 0x0000000081900000, 0x0000000081900000| Complete 
|  26|0x0000000081a00000, 0x0000000081b00000, 0x0000000081b00000|100%| S|CS|TAMS 0x0000000081a00000, 0x0000000081a00000| Complete 
|  27|0x0000000081b00000, 0x0000000081c00000, 0x0000000081c00000|100%| S|CS|TAMS 0x0000000081b00000, 0x0000000081b00000| Complete 
|  28|0x0000000081c00000, 0x0000000081d00000, 0x0000000081d00000|100%| S|CS|TAMS 0x0000000081c00000, 0x0000000081c00000| Complete 
|  29|0x0000000081d00000, 0x0000000081e00000, 0x0000000081e00000|100%| S|CS|TAMS 0x0000000081d00000, 0x0000000081d00000| Complete 
|  30|0x0000000081e00000, 0x0000000081f00000, 0x0000000081f00000|100%| S|CS|TAMS 0x0000000081e00000, 0x0000000081e00000| Complete 
|  31|0x0000000081f00000, 0x0000000081f00000, 0x0000000082000000|  0%| F|  |TAMS 0x0000000081f00000, 0x0000000081f00000| Untracked 
|  32|0x0000000082000000, 0x0000000082000000, 0x0000000082100000|  0%| F|  |TAMS 0x0000000082000000, 0x0000000082000000| Untracked 
|  33|0x0000000082100000, 0x0000000082100000, 0x0000000082200000|  0%| F|  |TAMS 0x0000000082100000, 0x0000000082100000| Untracked 
|  34|0x0000000082200000, 0x0000000082200000, 0x0000000082300000|  0%| F|  |TAMS 0x0000000082200000, 0x0000000082200000| Untracked 
|  35|0x0000000082300000, 0x0000000082300000, 0x0000000082400000|  0%| F|  |TAMS 0x0000000082300000, 0x0000000082300000| Untracked 
|  36|0x0000000082400000, 0x0000000082400000, 0x0000000082500000|  0%| F|  |TAMS 0x0000000082400000, 0x0000000082400000| Untracked 
|  37|0x0000000082500000, 0x0000000082500000, 0x0000000082600000|  0%| F|  |TAMS 0x0000000082500000, 0x0000000082500000| Untracked 
|  38|0x0000000082600000, 0x0000000082600000, 0x0000000082700000|  0%| F|  |TAMS 0x0000000082600000, 0x0000000082600000| Untracked 
|  39|0x0000000082700000, 0x0000000082700000, 0x0000000082800000|  0%| F|  |TAMS 0x0000000082700000, 0x0000000082700000| Untracked 
|  40|0x0000000082800000, 0x0000000082800000, 0x0000000082900000|  0%| F|  |TAMS 0x0000000082800000, 0x0000000082800000| Untracked 
|  41|0x0000000082900000, 0x0000000082900000, 0x0000000082a00000|  0%| F|  |TAMS 0x0000000082900000, 0x0000000082900000| Untracked 
|  42|0x0000000082a00000, 0x0000000082a00000, 0x0000000082b00000|  0%| F|  |TAMS 0x0000000082a00000, 0x0000000082a00000| Untracked 
|  43|0x0000000082b00000, 0x0000000082b00000, 0x0000000082c00000|  0%| F|  |TAMS 0x0000000082b00000, 0x0000000082b00000| Untracked 
|  44|0x0000000082c00000, 0x0000000082c00000, 0x0000000082d00000|  0%| F|  |TAMS 0x0000000082c00000, 0x0000000082c00000| Untracked 
|  45|0x0000000082d00000, 0x0000000082d00000, 0x0000000082e00000|  0%| F|  |TAMS 0x0000000082d00000, 0x0000000082d00000| Untracked 
|  46|0x0000000082e00000, 0x0000000082e00000, 0x0000000082f00000|  0%| F|  |TAMS 0x0000000082e00000, 0x0000000082e00000| Untracked 
|  47|0x0000000082f00000, 0x0000000082f00000, 0x0000000083000000|  0%| F|  |TAMS 0x0000000082f00000, 0x0000000082f00000| Untracked 
|  48|0x0000000083000000, 0x0000000083000000, 0x0000000083100000|  0%| F|  |TAMS 0x0000000083000000, 0x0000000083000000| Untracked 
|  49|0x0000000083100000, 0x0000000083100000, 0x0000000083200000|  0%| F|  |TAMS 0x0000000083100000, 0x0000000083100000| Untracked 
|  50|0x0000000083200000, 0x0000000083200000, 0x0000000083300000|  0%| F|  |TAMS 0x0000000083200000, 0x0000000083200000| Untracked 
|  51|0x0000000083300000, 0x00000000833eeef0, 0x0000000083400000| 93%| E|  |TAMS 0x0000000083300000, 0x0000000083300000| Complete 
|  52|0x0000000083400000, 0x0000000083500000, 0x0000000083500000|100%| E|CS|TAMS 0x0000000083400000, 0x0000000083400000| Complete 
|  53|0x0000000083500000, 0x0000000083600000, 0x0000000083600000|100%| E|CS|TAMS 0x0000000083500000, 0x0000000083500000| Complete 
|  54|0x0000000083600000, 0x0000000083700000, 0x0000000083700000|100%| E|CS|TAMS 0x0000000083600000, 0x0000000083600000| Complete 
|  55|0x0000000083700000, 0x0000000083800000, 0x0000000083800000|100%| E|CS|TAMS 0x0000000083700000, 0x0000000083700000| Complete 
|  56|0x0000000083800000, 0x0000000083900000, 0x0000000083900000|100%| E|CS|TAMS 0x0000000083800000, 0x0000000083800000| Complete 
|  57|0x0000000083900000, 0x0000000083a00000, 0x0000000083a00000|100%| E|  |TAMS 0x0000000083900000, 0x0000000083900000| Complete 
|  58|0x0000000083a00000, 0x0000000083b00000, 0x0000000083b00000|100%| E|CS|TAMS 0x0000000083a00000, 0x0000000083a00000| Complete 
|  59|0x0000000083b00000, 0x0000000083c00000, 0x0000000083c00000|100%| E|CS|TAMS 0x0000000083b00000, 0x0000000083b00000| Complete 
|  60|0x0000000083c00000, 0x0000000083d00000, 0x0000000083d00000|100%| E|CS|TAMS 0x0000000083c00000, 0x0000000083c00000| Complete 
|  61|0x0000000083d00000, 0x0000000083e00000, 0x0000000083e00000|100%| E|CS|TAMS 0x0000000083d00000, 0x0000000083d00000| Complete 
|  62|0x0000000083e00000, 0x0000000083f00000, 0x0000000083f00000|100%| E|CS|TAMS 0x0000000083e00000, 0x0000000083e00000| Complete 
|  63|0x0000000083f00000, 0x0000000084000000, 0x0000000084000000|100%| E|CS|TAMS 0x0000000083f00000, 0x0000000083f00000| Complete 
|  64|0x0000000084000000, 0x0000000084100000, 0x0000000084100000|100%| E|CS|TAMS 0x0000000084000000, 0x0000000084000000| Complete 
|  65|0x0000000084100000, 0x0000000084200000, 0x0000000084200000|100%| E|CS|TAMS 0x0000000084100000, 0x0000000084100000| Complete 
|  66|0x0000000084200000, 0x0000000084300000, 0x0000000084300000|100%| E|CS|TAMS 0x0000000084200000, 0x0000000084200000| Complete 
|  67|0x0000000084300000, 0x0000000084400000, 0x0000000084400000|100%| E|CS|TAMS 0x0000000084300000, 0x0000000084300000| Complete 
|  68|0x0000000084400000, 0x0000000084500000, 0x0000000084500000|100%| E|CS|TAMS 0x0000000084400000, 0x0000000084400000| Complete 
|  69|0x0000000084500000, 0x0000000084600000, 0x0000000084600000|100%| E|CS|TAMS 0x0000000084500000, 0x0000000084500000| Complete 
|  70|0x0000000084600000, 0x0000000084700000, 0x0000000084700000|100%| E|CS|TAMS 0x0000000084600000, 0x0000000084600000| Complete 
|  71|0x0000000084700000, 0x0000000084800000, 0x0000000084800000|100%| E|CS|TAMS 0x0000000084700000, 0x0000000084700000| Complete 
|  72|0x0000000084800000, 0x0000000084900000, 0x0000000084900000|100%| E|CS|TAMS 0x0000000084800000, 0x0000000084800000| Complete 
|  86|0x0000000085600000, 0x0000000085700000, 0x0000000085700000|100%| E|CS|TAMS 0x0000000085600000, 0x0000000085600000| Complete 
|  87|0x0000000085700000, 0x0000000085800000, 0x0000000085800000|100%| E|CS|TAMS 0x0000000085700000, 0x0000000085700000| Complete 
|  88|0x0000000085800000, 0x0000000085900000, 0x0000000085900000|100%| E|CS|TAMS 0x0000000085800000, 0x0000000085800000| Complete 
| 125|0x0000000087d00000, 0x0000000087e00000, 0x0000000087e00000|100%| E|CS|TAMS 0x0000000087d00000, 0x0000000087d00000| Complete 

Card table byte_map: [0x00000210bfd20000,0x00000210c0120000] _byte_map_base: 0x00000210bf920000

Marking Bits (Prev, Next): (CMBitMap*) 0x00000210a8ed9ce0, (CMBitMap*) 0x00000210a8ed9ca0
 Prev Bits: [0x00000210c2520000, 0x00000210c4520000)
 Next Bits: [0x00000210c0520000, 0x00000210c2520000)

Polling page: 0x00000210a6e40000

Metaspace:

Usage:
  Non-class:     26.31 MB used.
      Class:      4.14 MB used.
       Both:     30.45 MB used.

Virtual space:
  Non-class space:       32.00 MB reserved,      26.50 MB ( 83%) committed,  4 nodes.
      Class space:      412.00 MB reserved,       4.31 MB (  1%) committed,  1 nodes.
              Both:      444.00 MB reserved,      30.81 MB (  7%) committed. 

Chunk freelists:
   Non-Class:  896.00 KB
       Class:  3.70 MB
        Both:  4.58 MB

MaxMetaspaceSize: 512.00 MB
CompressedClassSpaceSize: 412.00 MB
 - commit_granule_bytes: 65536.
 - commit_granule_words: 8192.
 - virtual_space_node_default_size: 1048576.
 - enlarge_chunks_in_place: 1.
 - new_chunks_are_fully_committed: 0.
 - uncommit_free_chunks: 1.
 - use_allocation_guard: 0.
 - handle_deallocations: 1.


Internal statistics:

num_allocs_failed_limit: 3.
num_arena_births: 282.
num_arena_deaths: 0.
num_vsnodes_births: 5.
num_vsnodes_deaths: 0.
num_space_committed: 493.
num_space_uncommitted: 0.
num_chunks_returned_to_freelist: 3.
num_chunks_taken_from_freelist: 1332.
num_chunk_merges: 3.
num_chunk_splits: 908.
num_chunks_enlarged: 683.
num_purges: 0.

CodeHeap 'non-profiled nmethods': size=120000Kb used=1678Kb max_used=1678Kb free=118321Kb
 bounds [0x00000210b80c0000, 0x00000210b8330000, 0x00000210bf5f0000]
CodeHeap 'profiled nmethods': size=120000Kb used=7421Kb max_used=7421Kb free=112578Kb
 bounds [0x00000210b0b90000, 0x00000210b12d0000, 0x00000210b80c0000]
CodeHeap 'non-nmethods': size=5760Kb used=2299Kb max_used=2321Kb free=3460Kb
 bounds [0x00000210b05f0000, 0x00000210b0860000, 0x00000210b0b90000]
 total_blobs=4482 nmethods=3681 adapters=712
 compilation: enabled
              stopped_count=0, restarted_count=0
 full_count=0

Compilation events (20 events):
Event: 5.459 Thread 0x00000210c6f49220 nmethod 3634 0x00000210b12a8310 code [0x00000210b12a85a0, 0x00000210b12a92c8]
Event: 5.460 Thread 0x00000210c6f49220 3633       3       org.gradle.internal.Cast::uncheckedCast (2 bytes)
Event: 5.460 Thread 0x00000210c6f49220 nmethod 3633 0x00000210b12a9790 code [0x00000210b12a9920, 0x00000210b12a9a18]
Event: 5.460 Thread 0x00000210c6f49220 3635       3       sun.nio.fs.WindowsPath::isEmpty (8 bytes)
Event: 5.460 Thread 0x00000210c6f49220 nmethod 3635 0x00000210b12a9a90 code [0x00000210b12a9c40, 0x00000210b12a9e18]
Event: 5.460 Thread 0x00000210c6f47cb0 nmethod 3628 0x00000210b825bb10 code [0x00000210b825bcc0, 0x00000210b825c338]
Event: 5.460 Thread 0x00000210c6f47cb0 3630       4       java.lang.ClassLoader::loadClass (7 bytes)
Event: 5.460 Thread 0x00000210c6f47cb0 nmethod 3630 0x00000210b825c790 code [0x00000210b825c920, 0x00000210b825c9b8]
Event: 5.461 Thread 0x00000210c6f49220 3636       3       java.lang.StringUTF16::putChar (54 bytes)
Event: 5.461 Thread 0x00000210c6f49220 nmethod 3636 0x00000210b12a9f10 code [0x00000210b12aa0c0, 0x00000210b12aa218]
Event: 5.461 Thread 0x00000210c6f47cb0 3637       4       java.lang.StringUTF16::putChar (54 bytes)
Event: 5.462 Thread 0x00000210c6f47cb0 nmethod 3637 0x00000210b825ca90 code [0x00000210b825cc20, 0x00000210b825ccf8]
Event: 5.463 Thread 0x00000210c6f49220 3638       3       sun.security.provider.MD5::implCompress (13 bytes)
Event: 5.463 Thread 0x00000210c6f49220 nmethod 3638 0x00000210b12aa310 code [0x00000210b12aa4e0, 0x00000210b12aa848]
Event: 5.463 Thread 0x00000210c6f49220 3639       3       sun.security.provider.MD5::implCompressCheck (15 bytes)
Event: 5.463 Thread 0x00000210c6f49220 nmethod 3639 0x00000210b12aa990 code [0x00000210b12aab60, 0x00000210b12aae18]
Event: 5.463 Thread 0x00000210c6f49220 3640       3       sun.security.provider.ByteArrayAccess::b2iLittle64 (614 bytes)
Event: 5.463 Thread 0x00000210c6f49220 nmethod 3640 0x00000210b12aaf10 code [0x00000210b12ab0e0, 0x00000210b12ab688]
Event: 5.463 Thread 0x00000210c6f49220 3641       3       sun.security.provider.MD5::implCompress0 (1499 bytes)
Event: 5.466 Thread 0x00000210c6f49220 nmethod 3641 0x00000210b12ab910 code [0x00000210b12abe60, 0x00000210b12ae5b8]

GC Heap History (10 events):
Event: 1.094 GC heap before
{Heap before GC invocations=0 (full 0):
 garbage-first heap   total 129024K, used 28672K [0x0000000080000000, 0x0000000100000000)
  region size 1024K, 23 young (23552K), 0 survivors (0K)
 Metaspace       used 3214K, committed 3328K, reserved 430080K
  class space    used 393K, committed 448K, reserved 421888K
}
Event: 1.101 GC heap after
{Heap after GC invocations=1 (full 0):
 garbage-first heap   total 129024K, used 9399K [0x0000000080000000, 0x0000000100000000)
  region size 1024K, 3 young (3072K), 3 survivors (3072K)
 Metaspace       used 3214K, committed 3328K, reserved 430080K
  class space    used 393K, committed 448K, reserved 421888K
}
Event: 1.654 GC heap before
{Heap before GC invocations=1 (full 0):
 garbage-first heap   total 129024K, used 34999K [0x0000000080000000, 0x0000000100000000)
  region size 1024K, 28 young (28672K), 3 survivors (3072K)
 Metaspace       used 4127K, committed 4288K, reserved 430080K
  class space    used 488K, committed 576K, reserved 421888K
}
Event: 1.658 GC heap after
{Heap after GC invocations=2 (full 0):
 garbage-first heap   total 129024K, used 10279K [0x0000000080000000, 0x0000000100000000)
  region size 1024K, 1 young (1024K), 1 survivors (1024K)
 Metaspace       used 4127K, committed 4288K, reserved 430080K
  class space    used 488K, committed 576K, reserved 421888K
}
Event: 3.393 GC heap before
{Heap before GC invocations=2 (full 0):
 garbage-first heap   total 129024K, used 86055K [0x0000000080000000, 0x0000000100000000)
  region size 1024K, 75 young (76800K), 1 survivors (1024K)
 Metaspace       used 15775K, committed 16064K, reserved 438272K
  class space    used 2246K, committed 2368K, reserved 421888K
}
Event: 3.400 GC heap after
{Heap after GC invocations=3 (full 0):
 garbage-first heap   total 129024K, used 19040K [0x0000000080000000, 0x0000000100000000)
  region size 1024K, 10 young (10240K), 10 survivors (10240K)
 Metaspace       used 15775K, committed 16064K, reserved 438272K
  class space    used 2246K, committed 2368K, reserved 421888K
}
Event: 4.034 GC heap before
{Heap before GC invocations=3 (full 0):
 garbage-first heap   total 129024K, used 55904K [0x0000000080000000, 0x0000000100000000)
  region size 1024K, 47 young (48128K), 10 survivors (10240K)
 Metaspace       used 20960K, committed 21248K, reserved 446464K
  class space    used 3068K, committed 3200K, reserved 421888K
}
Event: 4.041 GC heap after
{Heap after GC invocations=4 (full 0):
 garbage-first heap   total 129024K, used 21404K [0x0000000080000000, 0x0000000100000000)
  region size 1024K, 3 young (3072K), 3 survivors (3072K)
 Metaspace       used 20960K, committed 21248K, reserved 446464K
  class space    used 3068K, committed 3200K, reserved 421888K
}
Event: 5.076 GC heap before
{Heap before GC invocations=5 (full 0):
 garbage-first heap   total 78848K, used 64412K [0x0000000080000000, 0x0000000100000000)
  region size 1024K, 46 young (47104K), 3 survivors (3072K)
 Metaspace       used 28503K, committed 28800K, reserved 454656K
  class space    used 3960K, committed 4096K, reserved 421888K
}
Event: 5.082 GC heap after
{Heap after GC invocations=6 (full 0):
 garbage-first heap   total 78848K, used 26115K [0x0000000080000000, 0x0000000100000000)
  region size 1024K, 6 young (6144K), 6 survivors (6144K)
 Metaspace       used 28503K, committed 28800K, reserved 454656K
  class space    used 3960K, committed 4096K, reserved 421888K
}

Deoptimization events (20 events):
Event: 5.315 Thread 0x00000210c8b0e760 Uncommon trap: trap_request=0xffffffc6 fr.pc=0x00000210b8241598 relative=0x0000000000000158
Event: 5.315 Thread 0x00000210c8b0e760 Uncommon trap: reason=bimorphic_or_optimized_type_check action=maybe_recompile pc=0x00000210b8241598 method=java.util.stream.ReferencePipeline.forEachWithCancel(Ljava/util/Spliterator;Ljava/util/stream/Sink;)Z @ 1 c2
Event: 5.315 Thread 0x00000210c8b0e760 DEOPT PACKING pc=0x00000210b8241598 sp=0x000000d44a1f8910
Event: 5.315 Thread 0x00000210c8b0e760 DEOPT UNPACKING pc=0x00000210b063d72e sp=0x000000d44a1f8890 mode 2
Event: 5.330 Thread 0x00000210c8b0e760 Uncommon trap: trap_request=0xffffff45 fr.pc=0x00000210b81d75dc relative=0x000000000000077c
Event: 5.330 Thread 0x00000210c8b0e760 Uncommon trap: reason=unstable_if action=reinterpret pc=0x00000210b81d75dc method=java.lang.Class.getPackageName()Ljava/lang/String; @ 55 c2
Event: 5.330 Thread 0x00000210c8b0e760 DEOPT PACKING pc=0x00000210b81d75dc sp=0x000000d44a1f9ce0
Event: 5.330 Thread 0x00000210c8b0e760 DEOPT UNPACKING pc=0x00000210b063d72e sp=0x000000d44a1f9ca0 mode 2
Event: 5.358 Thread 0x00000210c8b0e760 Uncommon trap: trap_request=0xffffffde fr.pc=0x00000210b82329ac relative=0x00000000000004cc
Event: 5.358 Thread 0x00000210c8b0e760 Uncommon trap: reason=class_check action=maybe_recompile pc=0x00000210b82329ac method=java.util.regex.Pattern$Start.match(Ljava/util/regex/Matcher;ILjava/lang/CharSequence;)Z @ 44 c2
Event: 5.358 Thread 0x00000210c8b0e760 DEOPT PACKING pc=0x00000210b82329ac sp=0x000000d44a1f8500
Event: 5.358 Thread 0x00000210c8b0e760 DEOPT UNPACKING pc=0x00000210b063d72e sp=0x000000d44a1f83c8 mode 2
Event: 5.358 Thread 0x00000210c8b0e760 Uncommon trap: trap_request=0xffffffde fr.pc=0x00000210b82329ac relative=0x00000000000004cc
Event: 5.358 Thread 0x00000210c8b0e760 Uncommon trap: reason=class_check action=maybe_recompile pc=0x00000210b82329ac method=java.util.regex.Pattern$Start.match(Ljava/util/regex/Matcher;ILjava/lang/CharSequence;)Z @ 44 c2
Event: 5.358 Thread 0x00000210c8b0e760 DEOPT PACKING pc=0x00000210b82329ac sp=0x000000d44a1f8500
Event: 5.358 Thread 0x00000210c8b0e760 DEOPT UNPACKING pc=0x00000210b063d72e sp=0x000000d44a1f83c8 mode 2
Event: 5.431 Thread 0x00000210c8b0e760 Uncommon trap: trap_request=0xffffffde fr.pc=0x00000210b82329ac relative=0x00000000000004cc
Event: 5.431 Thread 0x00000210c8b0e760 Uncommon trap: reason=class_check action=maybe_recompile pc=0x00000210b82329ac method=java.util.regex.Pattern$Start.match(Ljava/util/regex/Matcher;ILjava/lang/CharSequence;)Z @ 44 c2
Event: 5.431 Thread 0x00000210c8b0e760 DEOPT PACKING pc=0x00000210b82329ac sp=0x000000d44a1f94c0
Event: 5.431 Thread 0x00000210c8b0e760 DEOPT UNPACKING pc=0x00000210b063d72e sp=0x000000d44a1f9388 mode 2

Classes unloaded (0 events):
No events

Classes redefined (0 events):
No events

Internal exceptions (20 events):
Event: 5.353 Thread 0x00000210c8b0e760 Exception <a 'java/lang/ClassNotFoundException'{0x0000000083ccf498}: org/gradle/groovy/scripts/BasicScriptBeanInfo> (0x0000000083ccf498) 
thrown [t:\workspace\open\src\hotspot\share\classfile\systemDictionary.cpp, line 256]
Event: 5.354 Thread 0x00000210c8b0e760 Exception <a 'java/lang/ClassNotFoundException'{0x0000000083cd9fd8}: org/gradle/groovy/scripts/ScriptBeanInfo> (0x0000000083cd9fd8) 
thrown [t:\workspace\open\src\hotspot\share\classfile\systemDictionary.cpp, line 256]
Event: 5.354 Thread 0x00000210c8b0e760 Exception <a 'java/lang/ClassNotFoundException'{0x0000000083cf22d8}: groovy/lang/ScriptBeanInfo> (0x0000000083cf22d8) 
thrown [t:\workspace\open\src\hotspot\share\classfile\systemDictionary.cpp, line 256]
Event: 5.355 Thread 0x00000210c8b0e760 Exception <a 'java/lang/ClassNotFoundException'{0x0000000083b0a8e0}: groovy/lang/ScriptCustomizer> (0x0000000083b0a8e0) 
thrown [t:\workspace\open\src\hotspot\share\classfile\systemDictionary.cpp, line 256]
Event: 5.356 Thread 0x00000210c8b0e760 Exception <a 'java/lang/ClassNotFoundException'{0x0000000083b1d008}: org/gradle/groovy/scripts/ScriptCustomizer> (0x0000000083b1d008) 
thrown [t:\workspace\open\src\hotspot\share\classfile\systemDictionary.cpp, line 256]
Event: 5.356 Thread 0x00000210c8b0e760 Exception <a 'java/lang/ClassNotFoundException'{0x0000000083b2e678}: org/gradle/groovy/scripts/BasicScriptCustomizer> (0x0000000083b2e678) 
thrown [t:\workspace\open\src\hotspot\share\classfile\systemDictionary.cpp, line 256]
Event: 5.357 Thread 0x00000210c8b0e760 Exception <a 'java/lang/ClassNotFoundException'{0x0000000083b45818}: org/gradle/groovy/scripts/DefaultScriptCustomizer> (0x0000000083b45818) 
thrown [t:\workspace\open\src\hotspot\share\classfile\systemDictionary.cpp, line 256]
Event: 5.359 Thread 0x00000210c8b0e760 Exception <a 'java/lang/ClassNotFoundException'{0x0000000083b6d5d0}: org/gradle/plugin/use/internal/PluginsAwareScriptCustomizer> (0x0000000083b6d5d0) 
thrown [t:\workspace\open\src\hotspot\share\classfile\systemDictionary.cpp, line 256]
Event: 5.360 Thread 0x00000210c8b0e760 Exception <a 'java/lang/ClassNotFoundException'{0x0000000083b80490}: org/gradle/initialization/SettingsScriptCustomizer> (0x0000000083b80490) 
thrown [t:\workspace\open\src\hotspot\share\classfile\systemDictionary.cpp, line 256]
Event: 5.360 Thread 0x00000210c8b0e760 Exception <a 'java/lang/ClassNotFoundException'{0x0000000083b8d988}: settings_cqu3l6nb85zzvt2np41ikv9coCustomizer> (0x0000000083b8d988) 
thrown [t:\workspace\open\src\hotspot\share\classfile\systemDictionary.cpp, line 256]
Event: 5.375 Thread 0x00000210c8b0e760 Exception <a 'java/lang/ClassNotFoundException'{0x0000000083a77500}: org/gradle/initialization/DefaultSettings_DecoratedBeanInfo> (0x0000000083a77500) 
thrown [t:\workspace\open\src\hotspot\share\classfile\systemDictionary.cpp, line 256]
Event: 5.376 Thread 0x00000210c8b0e760 Exception <a 'java/lang/ClassNotFoundException'{0x0000000083a86198}: org/gradle/initialization/DefaultSettingsBeanInfo> (0x0000000083a86198) 
thrown [t:\workspace\open\src\hotspot\share\classfile\systemDictionary.cpp, line 256]
Event: 5.376 Thread 0x00000210c8b0e760 Exception <a 'java/lang/ClassNotFoundException'{0x0000000083a956e0}: org/gradle/api/internal/project/AbstractPluginAwareBeanInfo> (0x0000000083a956e0) 
thrown [t:\workspace\open\src\hotspot\share\classfile\systemDictionary.cpp, line 256]
Event: 5.377 Thread 0x00000210c8b0e760 Exception <a 'java/lang/ClassNotFoundException'{0x0000000083aa4760}: org/gradle/api/internal/project/AbstractPluginAwareCustomizer> (0x0000000083aa4760) 
thrown [t:\workspace\open\src\hotspot\share\classfile\systemDictionary.cpp, line 256]
Event: 5.378 Thread 0x00000210c8b0e760 Exception <a 'java/lang/ClassNotFoundException'{0x0000000083ab8c10}: org/gradle/initialization/DefaultSettingsCustomizer> (0x0000000083ab8c10) 
thrown [t:\workspace\open\src\hotspot\share\classfile\systemDictionary.cpp, line 256]
Event: 5.381 Thread 0x00000210c8b0e760 Exception <a 'java/lang/ClassNotFoundException'{0x0000000083af5088}: org/gradle/initialization/DefaultSettings_DecoratedCustomizer> (0x0000000083af5088) 
thrown [t:\workspace\open\src\hotspot\share\classfile\systemDictionary.cpp, line 256]
Event: 5.387 Thread 0x00000210c8b0e760 Exception <a 'java/lang/ClassNotFoundException'{0x000000008398b048}: org/gradle/initialization/DefaultProjectDescriptorBeanInfo> (0x000000008398b048) 
thrown [t:\workspace\open\src\hotspot\share\classfile\systemDictionary.cpp, line 256]
Event: 5.387 Thread 0x00000210c8b0e760 Exception <a 'java/lang/ClassNotFoundException'{0x0000000083999538}: org/gradle/initialization/DefaultProjectDescriptorCustomizer> (0x0000000083999538) 
thrown [t:\workspace\open\src\hotspot\share\classfile\systemDictionary.cpp, line 256]
Event: 5.431 Thread 0x00000210c8b0e760 Exception <a 'java/lang/ClassNotFoundException'{0x0000000083651768}: org/gradle/api/internal/plugins/DefaultObjectConfigurationActionBeanInfo> (0x0000000083651768) 
thrown [t:\workspace\open\src\hotspot\share\classfile\systemDictionary.cpp, line 256]
Event: 5.431 Thread 0x00000210c8b0e760 Exception <a 'java/lang/ClassNotFoundException'{0x000000008365ff28}: org/gradle/api/internal/plugins/DefaultObjectConfigurationActionCustomizer> (0x000000008365ff28) 
thrown [t:\workspace\open\src\hotspot\share\classfile\systemDictionary.cpp, line 256]

Events (20 events):
Event: 5.432 loading class jdk/internal/reflect/UnsafeObjectFieldAccessorImpl
Event: 5.432 loading class jdk/internal/reflect/UnsafeObjectFieldAccessorImpl done
Event: 5.435 loading class javax/net/ssl/HostnameVerifier
Event: 5.436 loading class javax/net/ssl/HostnameVerifier done
Event: 5.437 loading class javax/net/ssl/TrustManager
Event: 5.438 loading class javax/net/ssl/TrustManager done
Event: 5.438 loading class javax/net/ssl/X509TrustManager
Event: 5.438 loading class javax/net/ssl/X509TrustManager done
Event: 5.440 loading class javax/net/ssl/SSLException
Event: 5.440 loading class javax/net/ssl/SSLException done
Event: 5.440 loading class javax/net/ssl/SSLPeerUnverifiedException
Event: 5.440 loading class javax/net/ssl/SSLPeerUnverifiedException done
Event: 5.440 loading class javax/naming/NamingException
Event: 5.441 loading class javax/naming/NamingException done
Event: 5.441 loading class javax/naming/InvalidNameException
Event: 5.441 loading class javax/naming/InvalidNameException done
Event: 5.441 loading class java/security/cert/CertificateParsingException
Event: 5.442 loading class java/security/cert/CertificateException
Event: 5.442 loading class java/security/cert/CertificateException done
Event: 5.442 loading class java/security/cert/CertificateParsingException done


Dynamic libraries:
0x00007ff618350000 - 0x00007ff618360000 	C:\Program Files\Java\jdk-16.0.2\bin\java.exe
0x00007ff97aeb0000 - 0x00007ff97b0c4000 	C:\WINDOWS\SYSTEM32\ntdll.dll
0x00007ff97a340000 - 0x00007ff97a402000 	C:\WINDOWS\System32\KERNEL32.DLL
0x00007ff9782b0000 - 0x00007ff978653000 	C:\WINDOWS\System32\KERNELBASE.dll
0x00007ff975170000 - 0x00007ff975207000 	C:\WINDOWS\SYSTEM32\apphelp.dll
0x00007ff9788b0000 - 0x00007ff9789c1000 	C:\WINDOWS\System32\ucrtbase.dll
0x00007ff95a4d0000 - 0x00007ff95a4e8000 	C:\Program Files\Java\jdk-16.0.2\bin\jli.dll
0x00007ff961f00000 - 0x00007ff961f19000 	C:\Program Files\Java\jdk-16.0.2\bin\VCRUNTIME140.dll
0x00007ff97aa10000 - 0x00007ff97aabe000 	C:\WINDOWS\System32\ADVAPI32.dll
0x00007ff979820000 - 0x00007ff9798c7000 	C:\WINDOWS\System32\msvcrt.dll
0x00007ff979e10000 - 0x00007ff979eb4000 	C:\WINDOWS\System32\sechost.dll
0x00007ff97a6a0000 - 0x00007ff97a7b7000 	C:\WINDOWS\System32\RPCRT4.dll
0x00007ff9798d0000 - 0x00007ff979a7b000 	C:\WINDOWS\System32\USER32.dll
0x00007ff978af0000 - 0x00007ff978b16000 	C:\WINDOWS\System32\win32u.dll
0x00007ff978d80000 - 0x00007ff978da9000 	C:\WINDOWS\System32\GDI32.dll
0x00007ff978660000 - 0x00007ff978779000 	C:\WINDOWS\System32\gdi32full.dll
0x00007ff9789d0000 - 0x00007ff978a6a000 	C:\WINDOWS\System32\msvcp_win.dll
0x00007ff960980000 - 0x00007ff960c0e000 	C:\WINDOWS\WinSxS\amd64_microsoft.windows.common-controls_6595b64144ccf1df_6.0.22621.1635_none_270f70857386168e\COMCTL32.dll
0x00007ff972030000 - 0x00007ff97203a000 	C:\WINDOWS\SYSTEM32\VERSION.dll
0x00007ff97a5f0000 - 0x00007ff97a621000 	C:\WINDOWS\System32\IMM32.DLL
0x00007ff96d8a0000 - 0x00007ff96d8ac000 	C:\Program Files\Java\jdk-16.0.2\bin\vcruntime140_1.dll
0x00007ff93a070000 - 0x00007ff93a101000 	C:\Program Files\Java\jdk-16.0.2\bin\msvcp140.dll
0x00007ff907690000 - 0x00007ff90823b000 	C:\Program Files\Java\jdk-16.0.2\bin\server\jvm.dll
0x00007ff979810000 - 0x00007ff979818000 	C:\WINDOWS\System32\PSAPI.DLL
0x00007ff964d50000 - 0x00007ff964d59000 	C:\WINDOWS\SYSTEM32\WSOCK32.dll
0x00007ff9716c0000 - 0x00007ff9716f4000 	C:\WINDOWS\SYSTEM32\WINMM.dll
0x00007ff978c90000 - 0x00007ff978d01000 	C:\WINDOWS\System32\WS2_32.dll
0x00007ff9772c0000 - 0x00007ff9772d8000 	C:\WINDOWS\SYSTEM32\kernel.appcore.dll
0x00007ff966fe0000 - 0x00007ff966fea000 	C:\Program Files\Java\jdk-16.0.2\bin\jimage.dll
0x00007ff975b00000 - 0x00007ff975d2e000 	C:\WINDOWS\SYSTEM32\DBGHELP.DLL
0x00007ff97aae0000 - 0x00007ff97ae69000 	C:\WINDOWS\System32\combase.dll
0x00007ff979c30000 - 0x00007ff979d07000 	C:\WINDOWS\System32\OLEAUT32.dll
0x00007ff96d9d0000 - 0x00007ff96da02000 	C:\WINDOWS\SYSTEM32\dbgcore.DLL
0x00007ff978a70000 - 0x00007ff978aeb000 	C:\WINDOWS\System32\bcryptPrimitives.dll
0x00007ff93d240000 - 0x00007ff93d265000 	C:\Program Files\Java\jdk-16.0.2\bin\java.dll
0x00007ff978e60000 - 0x00007ff97965a000 	C:\WINDOWS\System32\SHELL32.dll
0x00007ff976260000 - 0x00007ff976b2e000 	C:\WINDOWS\SYSTEM32\windows.storage.dll
0x00007ff976120000 - 0x00007ff97625e000 	C:\WINDOWS\SYSTEM32\wintypes.dll
0x00007ff979d10000 - 0x00007ff979e01000 	C:\WINDOWS\System32\SHCORE.dll
0x00007ff97a510000 - 0x00007ff97a56e000 	C:\WINDOWS\System32\shlwapi.dll
0x00007ff9781e0000 - 0x00007ff978201000 	C:\WINDOWS\SYSTEM32\profapi.dll
0x00007ff951a00000 - 0x00007ff951a19000 	C:\Program Files\Java\jdk-16.0.2\bin\net.dll
0x00007ff971b80000 - 0x00007ff971cb7000 	C:\WINDOWS\SYSTEM32\WINHTTP.dll
0x00007ff977820000 - 0x00007ff977889000 	C:\WINDOWS\system32\mswsock.dll
0x00007ff948350000 - 0x00007ff948363000 	C:\Program Files\Java\jdk-16.0.2\bin\nio.dll
0x00007ff9481a0000 - 0x00007ff9481b8000 	C:\Program Files\Java\jdk-16.0.2\bin\zip.dll
0x00007ff9750f0000 - 0x00007ff975100000 	C:\Program Files\Java\jdk-16.0.2\bin\verify.dll
0x00007ff970590000 - 0x00007ff9705b7000 	C:\Users\91985\.gradle\native\e1d6ef7f7dcc3fd88c89a11ec53ec762bb8ba0a96d01ffa2cd45eb1d1d8dd5c5\windows-amd64\native-platform.dll
0x00007ff940990000 - 0x00007ff940ad4000 	C:\Users\91985\.gradle\native\0d407fdbe67a94daf76414ababcb853783967236a71b16ec16e742cd7a986fd3\windows-amd64\native-platform-file-events.dll
0x00007ff9611a0000 - 0x00007ff9611a9000 	C:\Program Files\Java\jdk-16.0.2\bin\management.dll
0x00007ff9600e0000 - 0x00007ff9600eb000 	C:\Program Files\Java\jdk-16.0.2\bin\management_ext.dll
0x00007ff977a50000 - 0x00007ff977a6b000 	C:\WINDOWS\SYSTEM32\CRYPTSP.dll
0x00007ff977230000 - 0x00007ff977265000 	C:\WINDOWS\system32\rsaenh.dll
0x00007ff9778e0000 - 0x00007ff977908000 	C:\WINDOWS\SYSTEM32\USERENV.dll
0x00007ff977c80000 - 0x00007ff977ca8000 	C:\WINDOWS\SYSTEM32\bcrypt.dll
0x00007ff977a80000 - 0x00007ff977a8c000 	C:\WINDOWS\SYSTEM32\CRYPTBASE.dll
0x00007ff976d90000 - 0x00007ff976dbd000 	C:\WINDOWS\SYSTEM32\IPHLPAPI.DLL
0x00007ff97a690000 - 0x00007ff97a699000 	C:\WINDOWS\System32\NSI.dll
0x00007ff972040000 - 0x00007ff972059000 	C:\WINDOWS\SYSTEM32\dhcpcsvc6.DLL
0x00007ff971700000 - 0x00007ff97171f000 	C:\WINDOWS\SYSTEM32\dhcpcsvc.DLL
0x00007ff976e00000 - 0x00007ff976ef3000 	C:\WINDOWS\SYSTEM32\DNSAPI.dll
0x00007ff95b780000 - 0x00007ff95b78e000 	C:\Program Files\Java\jdk-16.0.2\bin\sunmscapi.dll
0x00007ff978b20000 - 0x00007ff978c87000 	C:\WINDOWS\System32\CRYPT32.dll
0x00007ff977c50000 - 0x00007ff977c7e000 	C:\WINDOWS\SYSTEM32\ncrypt.dll
0x00007ff977c10000 - 0x00007ff977c47000 	C:\WINDOWS\SYSTEM32\NTASN1.dll
0x00007ff961ed0000 - 0x00007ff961ed8000 	C:\WINDOWS\system32\wshunix.dll

dbghelp: loaded successfully - version: 4.0.5 - missing functions: none
symbol engine: initialized successfully - sym options: 0x614 - pdb path: .;C:\Program Files\Java\jdk-16.0.2\bin;C:\WINDOWS\SYSTEM32;C:\WINDOWS\WinSxS\amd64_microsoft.windows.common-controls_6595b64144ccf1df_6.0.22621.1635_none_270f70857386168e;C:\Program Files\Java\jdk-16.0.2\bin\server;C:\Users\91985\.gradle\native\e1d6ef7f7dcc3fd88c89a11ec53ec762bb8ba0a96d01ffa2cd45eb1d1d8dd5c5\windows-amd64;C:\Users\91985\.gradle\native\0d407fdbe67a94daf76414ababcb853783967236a71b16ec16e742cd7a986fd3\windows-amd64

VM Arguments:
jvm_args: -XX:MaxMetaspaceSize=512m --add-opens=java.base/java.util=ALL-UNNAMED --add-opens=java.base/java.lang=ALL-UNNAMED --add-opens=java.base/java.lang.invoke=ALL-UNNAMED --add-opens=java.base/java.util=ALL-UNNAMED --add-opens=java.prefs/java.util.prefs=ALL-UNNAMED --add-opens=java.prefs/java.util.prefs=ALL-UNNAMED --add-opens=java.base/java.nio.charset=ALL-UNNAMED --add-opens=java.base/java.net=ALL-UNNAMED --add-opens=java.base/java.util.concurrent.atomic=ALL-UNNAMED -Xmx2048m -Dfile.encoding=windows-1252 -Duser.country=IN -Duser.language=en -Duser.variant 
java_command: org.gradle.launcher.daemon.bootstrap.GradleDaemon 7.5.1
java_class_path (initial): C:\Users\91985\.gradle\wrapper\dists\gradle-7.5.1-all\1ehga6e77gqps5uk2kc5kf1vc\gradle-7.5.1\lib\gradle-launcher-7.5.1.jar
Launcher Type: SUN_STANDARD

[Global flags]
     intx CICompilerCount                          = 4                                         {product} {ergonomic}
   size_t CompressedClassSpaceSize                 = 432013312                                 {product} {ergonomic}
     uint ConcGCThreads                            = 2                                         {product} {ergonomic}
     uint G1ConcRefinementThreads                  = 8                                         {product} {ergonomic}
   size_t G1HeapRegionSize                         = 1048576                                   {product} {ergonomic}
    uintx GCDrainStackTargetSize                   = 64                                        {product} {ergonomic}
   size_t InitialHeapSize                          = 132120576                                 {product} {ergonomic}
   size_t MarkStackSize                            = 4194304                                   {product} {ergonomic}
   size_t MaxHeapSize                              = 2147483648                                {product} {command line}
   size_t MaxMetaspaceSize                         = 536870912                                 {product} {command line}
   size_t MaxNewSize                               = 1287651328                                {product} {ergonomic}
   size_t MinHeapDeltaBytes                        = 1048576                                   {product} {ergonomic}
   size_t MinHeapSize                              = 8388608                                   {product} {ergonomic}
    uintx NonNMethodCodeHeapSize                   = 5839372                                {pd product} {ergonomic}
    uintx NonProfiledCodeHeapSize                  = 122909434                              {pd product} {ergonomic}
    uintx ProfiledCodeHeapSize                     = 122909434                              {pd product} {ergonomic}
    uintx ReservedCodeCacheSize                    = 251658240                              {pd product} {ergonomic}
     bool SegmentedCodeCache                       = true                                      {product} {ergonomic}
   size_t SoftMaxHeapSize                          = 2147483648                             {manageable} {ergonomic}
     bool UseCompressedClassPointers               = true                           {product lp64_product} {ergonomic}
     bool UseCompressedOops                        = true                           {product lp64_product} {ergonomic}
     bool UseG1GC                                  = true                                      {product} {ergonomic}
     bool UseLargePagesIndividualAllocation        = false                                  {pd product} {ergonomic}

Logging:
Log output configuration:
 #0: stdout all=warning uptime,level,tags
 #1: stderr all=off uptime,level,tags

Environment Variables:
JAVA_HOME=C:\Program Files\Java\jdk-16.0.2
CLASSPATH=C:\Users\91985\Desktop\react-pro\After Project\Tasks\t2FirebaseAuthFirst\android\\gradle\wrapper\gradle-wrapper.jar
PATH=C:\Users\91985\Desktop\react-pro\After Project\Tasks\t2FirebaseAuthFirst\android\node_modules\.bin;C:\Users\91985\Desktop\react-pro\After Project\Tasks\t2FirebaseAuthFirst\node_modules\.bin;C:\Users\91985\Desktop\react-pro\After Project\Tasks\node_modules\.bin;C:\Users\91985\Desktop\react-pro\After Project\node_modules\.bin;C:\Users\91985\Desktop\react-pro\node_modules\.bin;C:\Users\91985\Desktop\node_modules\.bin;C:\Users\91985\node_modules\.bin;C:\Users\node_modules\.bin;C:\node_modules\.bin;C:\Program Files\nodejs;C:\Users\91985\Desktop\react-pro\After Project\Tasks\t2FirebaseAuthFirst\node_modules\.bin;C:\Users\91985\Desktop\react-pro\After Project\Tasks\t2FirebaseAuthFirst\node_modules\.bin;C:\Users\91985\Desktop\react-pro\After Project\Tasks\node_modules\.bin;C:\Users\91985\Desktop\react-pro\After Project\node_modules\.bin;C:\Users\91985\Desktop\react-pro\node_modules\.bin;C:\Users\91985\Desktop\node_modules\.bin;C:\Users\91985\node_modules\.bin;C:\Users\node_modules\.bin;C:\node_modules\.bin;C:\Users\91985\AppData\Roaming\npm\node_modules\npm\node_modules\@npmcli\run-script\lib\node-gyp-bin;C:\Users\91985\Desktop\react-pro\After Project\Tasks\t2FirebaseAuthFirst\node_modules\.bin;C:\Users\91985\Desktop\react-pro\After Project\Tasks\node_modules\.bin;C:\Users\91985\Desktop\react-pro\After Project\node_modules\.bin;C:\Users\91985\Desktop\react-pro\node_modules\.bin;C:\Users\91985\Desktop\node_modules\.bin;C:\Users\91985\node_modules\.bin;C:\Users\node_modules\.bin;C:\node_modules\.bin;C:\Program Files\nodejs;C:\Users\91985\Desktop\react-pro\After Project\Tasks\t2FirebaseAuthFirst\node_modules\.bin;C:\Users\91985\Desktop\react-pro\After Project\Tasks\t2FirebaseAuthFirst\node_modules\.bin;C:\Users\91985\Desktop\react-pro\After Project\Tasks\node_modules\.bin;C:\Users\91985\Desktop\react-pro\After Project\node_modules\.bin;C:\Users\91985\Desktop\react-pro\node_modules\.bin;C:\Users\91985\Desktop\node_modules\.bin;C:\Users\91985\node_modules\.bin;C:\Users\node_mo
USERNAME=ishaan
LANG=en_US.UTF-8
OS=Windows_NT
PROCESSOR_IDENTIFIER=Intel64 Family 6 Model 158 Stepping 13, GenuineIntel



---------------  S Y S T E M  ---------------

OS:
 Windows 10 , 64 bit Build 22621 (10.0.22621.1778)
OS uptime: 8 days 4:32 hours
Hyper-V role detected

CPU: total 8 (initial active 8) (4 cores per cpu, 2 threads per core) family 6 model 158 stepping 13 microcode 0xea, cx8, cmov, fxsr, ht, mmx, 3dnowpref, sse, sse2, sse3, ssse3, sse4.1, sse4.2, popcnt, lzcnt, tsc, tscinvbit, avx, avx2, aes, erms, clmul, bmi1, bmi2, adx, fma, vzeroupper, clflush, clflushopt, hv

Memory: 4k page, system-wide physical 8029M (313M free)
TotalPageFile size 32605M (AvailPageFile size 6M)
current process WorkingSet (physical memory assigned to process): 198M, peak: 213M
current process commit charge ("private bytes"): 243M, peak: 285M

vm_info: Java HotSpot(TM) 64-Bit Server VM (16.0.2+7-67) for windows-amd64 JRE (16.0.2+7-67), built on Jun  8 2021 23:24:19 by "mach5one" with MS VC++ 16.7 (VS2019)

END.
